This is TeX, Version 3.1415 (C version 6.1) (format=lplain 95.3.6)  26 JUL 1998 03:48
**./images.tex
(images.tex
LaTeX2e <1994/12/01>

(/usr/local/lib/texmf/tex/latex2e/base/article.cls
Document Class: article 1994/12/09 v1.2x Standard LaTeX document class
(/usr/local/lib/texmf/tex/latex2e/base/fleqn.clo
File: fleqn.clo 1994/12/09 v1.2x Standard LaTeX option (flush left equations)
\mathindent=\dimen102
) (/usr/local/lib/texmf/tex/latex2e/base/size11.clo
File: size11.clo 1994/12/09 v1.2x Standard LaTeX file (size option)
)
\c@part=\count82
\c@section=\count83
\c@subsection=\count84
\c@subsubsection=\count85
\c@paragraph=\count86
\c@subparagraph=\count87
\c@figure=\count88
\c@table=\count89
\abovecaptionskip=\skip41
\belowcaptionskip=\skip42
LaTeX Info: Redefining \cal on input line 455.
LaTeX Info: Redefining \mit on input line 456.
\bibindent=\dimen103
) (/usr/local/lib/texmf/tex/graphics/epsfig.sty
Package: epsfig 1994/06/07 1.3 (SPQR)
(/usr/local/lib/texmf/tex/graphics/graphicx.sty
Package: graphicx 1994/11/29 v0.5a Enhanced LaTeX Graphics (DPC,SPQR)
(/usr/local/lib/texmf/tex/graphics/keyval.sty
Package: keyval 1994/09/12 v1.08 key=value parser (DPC)
) (/usr/local/lib/texmf/tex/graphics/graphics.sty
Package: graphics 1994/12/15 v0.6c Standard LaTeX Graphics (DPC,SPQR)
(/usr/local/lib/texmf/tex/graphics/trig.sty
Package: trig 1994/10/16 v1.08 sin cos tan (DPC)
) (/usr/local/lib/texmf/tex/graphics/graphics.cfg)
Package graphics Info: Driver file: dvips.def on input line 88.
(/usr/local/lib/texmf/tex/graphics/dvips.def
File: dvips.def 1994/12/12 v2.6 Driver-dependant file (DPC,SPQR)
))
\Gin@req@height=\dimen104
\Gin@req@width=\dimen105
)
\epsfxsize=\dimen106
\epsfysize=\dimen107
) (/usr/local/lib/texmf/tex/latex2e/tools/dcolumn.sty
Package: dcolumn 1994/03/14 v1.02 decimal alignment package (DPC)
(/usr/local/lib/texmf/tex/latex2e/tools/array.sty
Package: array 1994/12/08 v2.3b Tabular extension package (FMi)
\col@sep=\dimen108
\extrarowheight=\dimen109
\NC@list=\toks14
\extratabsurround=\skip43
\backup@length=\skip44
)) (/usr/local/lib/texmf/tex/latex2e/amslatex/amsmath.sty
Package: amsmath 1995/02/23 v1.2b AMS math features
\@mathmargin=\skip45
(/usr/local/lib/texmf/tex/latex2e/amslatex/amstext.sty
Package: amstext 1995/01/25 v1.2
(/usr/local/lib/texmf/tex/latex2e/amslatex/amsgen.sty
File: amsgen.sty 1995/01/31 v1.2a
\@emptytoks=\toks15
\ex@=\dimen110
)) (/usr/local/lib/texmf/tex/latex2e/amslatex/amsbsy.sty
Package: amsbsy 1995/01/20 v1.2
\pmbraise@=\dimen111
) (/usr/local/lib/texmf/tex/latex2e/amslatex/amsopn.sty
Package: amsopn 1995/02/20 v1.2a operator names
)
LaTeX Info: Redefining \frac on input line 180.
\uproot@=\count90
\leftroot@=\count91
\classnum@=\count92
\DOTSCASE@=\count93
LaTeX Info: Redefining \dots on input line 327.
LaTeX Info: Redefining \ldots on input line 410.
LaTeX Info: Redefining \cdots on input line 414.
\Mathstrutbox@=\box26
\strutbox@=\box27
\big@size=\dimen112
LaTeX Font Info:    Redeclaring font encoding OML on input line 492.
LaTeX Font Info:    Redeclaring font encoding OMS on input line 493.
\skewcharcount@=\count94
\familycount@=\count95
\pointcount@=\count96
\accentdimen@=\dimen113
\accentmu@=\count97
\minaw@=\dimen114
\c@MaxMatrixCols=\count98
\dotsspace@=\muskip10
\c@parentequation=\count99
\dspbrk@lvl=\count100
\tag@help=\toks16
\row@=\count101
\column@=\count102
\maxfields@=\count103
\andhelp@=\toks17
\eqnshift@=\dimen115
\alignsep@=\dimen116
\tagshift@=\dimen117
\tagwidth@=\dimen118
\totwidth@=\dimen119
\lineht@=\dimen120
\@envbody=\toks18
\multlinegap=\skip46
\multlinetaggap=\skip47
) (/usr/local/lib/texmf/tex/latex2e/amslatex/amsfonts.sty
Package: amsfonts 1995/02/01 v2.2b
\symAMSa=\mathgroup4
\symAMSb=\mathgroup5
LaTeX Font Info:    Overwriting math alphabet `\mathfrak' in version `bold'
(Font)                  U/euf/m/n --> U/euf/b/n on input line 128.
) (/usr/local/lib/texmf/tex/latex2e/amslatex/amssymb.sty
Package: amssymb 1995/02/01 v2.2a
) (/usr/local/lib/texmf/tex/latex2e/misc/endnotes.sty
\c@endnote=\count104
\endnotesep=\dimen121
\@enotes=\write3
) (/usr/local/lib/texmf/tex/latex2e/texinputs/html.sty
Package: html 1996/12/22 v1.1 hypertext commands for latex2html (nd, hws, rrm)
\c@lpart=\count105
\c@lchapter=\count106
\c@lsection=\count107
\c@lsubsection=\count108
\c@lsubsubsection=\count109
\c@lparagraph=\count110
\c@lsubparagraph=\count111
\c@lequation=\count112
\c@lsubsubparagraph=\count113
\ptrfile=\write4
) (/usr/local/lib/texmf/tex/graphics/color.sty
Package: color 1994/11/22 v0.3h Standard LaTeX Color (DPC)
(/usr/local/lib/texmf/tex/graphics/color.cfg)
Package color Info: Driver file: dvips.def on input line 131.
(/usr/local/lib/texmf/tex/graphics/dvipsnam.def
File: dvipsnam.def 1994/12/12 v2.6 Driver-dependant file (DPC,SPQR)
))
\sizebox=\box28
\lthtmlwrite=\write5
(images.aux)
LaTeX Font Info:    Checking defaults for OML/cmm/m/it on input line 104.
LaTeX Font Info:    ... okay on input line 104.
LaTeX Font Info:    Checking defaults for T1/cmr/m/n on input line 104.
LaTeX Font Info:    ... okay on input line 104.
LaTeX Font Info:    Checking defaults for OT1/cmr/m/n on input line 104.
LaTeX Font Info:    ... okay on input line 104.
LaTeX Font Info:    Checking defaults for OMS/cmsy/m/n on input line 104.
LaTeX Font Info:    ... okay on input line 104.
LaTeX Font Info:    Checking defaults for OMX/cmex/m/n on input line 104.
LaTeX Font Info:    ... okay on input line 104.
LaTeX Font Info:    Checking defaults for U/cmr/m/n on input line 104.
LaTeX Font Info:    ... okay on input line 104.
Missing character: There is no ( in font nullfont!
(/usr/local/work/xchg/genoud/text/genoud.aux

LaTeX Warning: Label `eq:claw' multiply defined.


LaTeX Warning: Label `eq:aclaw' multiply defined.


LaTeX Warning: Label `eq:comb' multiply defined.


LaTeX Warning: Label `eq:hopf4' multiply defined.


LaTeX Warning: Label `tab:genoud' multiply defined.


LaTeX Warning: Label `tab:mix_small' multiply defined.


LaTeX Warning: Label `tab:mix_large' multiply defined.


LaTeX Warning: Label `tab:ghopf' multiply defined.


LaTeX Warning: Label `tab:ghopftimes' multiply defined.


LaTeX Warning: Label `tab:ghopflh86' multiply defined.


LaTeX Warning: Label `fig:claw' multiply defined.


LaTeX Warning: Label `fig:aclaw' multiply defined.


LaTeX Warning: Label `fig:comb' multiply defined.


LaTeX Warning: Label `fig:combclose' multiply defined.

)
latex2htmlLength hsize=349.0pt
latex2htmlLength vsize=680.43pt
latex2htmlLength hoffset=0.0pt
latex2htmlLength voffset=0.0pt
latex2htmlLength topmargin=0.0pt
latex2htmlLength topskip=0.00003pt
latex2htmlLength headheight=0.0pt
latex2htmlLength headsep=0.0pt
latex2htmlLength parskip=0.0pt plus 1.0pt
latex2htmlLength oddsidemargin=0.0pt
latex2htmlLength evensidemargin=0.0pt
! Missing number, treated as zero.
<to be read again> 
                   \relax 
l.121 \setcounter{equation}{}
                             
A number should have been here; I inserted `0'.
(If you can't figure out why I needed to see a number,
look up `weird error' in the index to The TeXbook.)

File: d10.eps Graphic file (type eps)
<d10.eps>
Overfull \hbox (77.79134pt too wide) in paragraph at lines 126--126
 [] 
 []

LaTeX Font Info:    Try loading font information for U+msa on input line 127.
(/usr/local/lib/texmf/tex/latex2e/amslatex/Umsa.fd
File: Umsa.fd 1995/01/05 v2.2e AMS font definitions
)
LaTeX Font Info:    Try loading font information for U+msb on input line 127.
(/usr/local/lib/texmf/tex/latex2e/amslatex/Umsb.fd
File: Umsb.fd 1995/01/05 v2.2e AMS font definitions
)

! LaTeX Error: Bad math environment delimiter.

See the LaTeX manual or LaTeX Companion for explanation.
Type  H <return>  for immediate help.
 ...                                              
                                                  
l.129 \end{math}
                
Your command was ignored.
Type  I <command> <return>  to replace it with another command,
or  <return>  to continue without it.

! Missing $ inserted.
<inserted text> 
                $
l.129 \end{math}
                
I've inserted something that you may have forgotten.
(See the <inserted text> above.)
With luck, this will get me unwedged. But if you
really didn't forget anything, try typing `2' now; then
my insertion and my current dilemma will both disappear.

l2hSize :figure654:497.32399pt::0.0pt::349.0pt.
[1


]
File: d13.eps Graphic file (type eps)
<d13.eps>
Overfull \hbox (77.79134pt too wide) in paragraph at lines 144--144
 [] 
 []


! LaTeX Error: Bad math environment delimiter.

See the LaTeX manual or LaTeX Companion for explanation.
Type  H <return>  for immediate help.
 ...                                              
                                                  
l.149 \end{math}
                
Your command was ignored.
Type  I <command> <return>  to replace it with another command,
or  <return>  to continue without it.

! Missing $ inserted.
<inserted text> 
                $
l.149 \end{math}
                
I've inserted something that you may have forgotten.
(See the <inserted text> above.)
With luck, this will get me unwedged. But if you
really didn't forget anything, try typing `2' now; then
my insertion and my current dilemma will both disappear.

l2hSize :figure679:524.524pt::0.0pt::349.0pt.
[2


]
File: d15.eps Graphic file (type eps)
<d15.eps>
Overfull \hbox (77.79134pt too wide) in paragraph at lines 163--163
 [] 
 []


! LaTeX Error: Bad math environment delimiter.

See the LaTeX manual or LaTeX Companion for explanation.
Type  H <return>  for immediate help.
 ...                                              
                                                  
l.167 \end{math}
                
Your command was ignored.
Type  I <command> <return>  to replace it with another command,
or  <return>  to continue without it.

! Missing $ inserted.
<inserted text> 
                $
l.167 \end{math}
                
I've inserted something that you may have forgotten.
(See the <inserted text> above.)
With luck, this will get me unwedged. But if you
really didn't forget anything, try typing `2' now; then
my insertion and my current dilemma will both disappear.

l2hSize :figure717:524.524pt::0.0pt::349.0pt.
[3


]
File: d15b.eps Graphic file (type eps)
<d15b.eps>
Overfull \hbox (77.79134pt too wide) in paragraph at lines 181--181
 [] 
 []


! LaTeX Error: Bad math environment delimiter.

See the LaTeX manual or LaTeX Companion for explanation.
Type  H <return>  for immediate help.
 ...                                              
                                                  
l.185 \end{math}
                
Your command was ignored.
Type  I <command> <return>  to replace it with another command,
or  <return>  to continue without it.

! Missing $ inserted.
<inserted text> 
                $
l.185 \end{math}
                
I've inserted something that you may have forgotten.
(See the <inserted text> above.)
With luck, this will get me unwedged. But if you
really didn't forget anything, try typing `2' now; then
my insertion and my current dilemma will both disappear.

l2hSize :figure748:524.524pt::0.0pt::349.0pt.
[4


] (images.aux)

LaTeX Warning: There were multiply-defined labels.

 ) 
Here is how much of TeX's memory you used:
 1914 strings out of 10953
 20912 string characters out of 72770
 67267 words of memory out of 262141
 4670 multiletter control sequences out of 9500
 8297 words of font info for 32 fonts, out of 100000 for 255
 14 hyphenation exceptions out of 607
 32i,6n,25p,225b,382s stack positions out of 300i,40n,60p,3000b,4000s

Output written on images.dvi (4 pages, 4060 bytes).
