This is TeX, Version 3.1415 (C version 6.1) (format=lplain 95.3.6)  25 AUG 1998 12:21
**./images.tex
(images.tex
LaTeX2e <1994/12/01>

(/usr/local/lib/texmf/tex/latex2e/base/article.cls
Document Class: article 1994/12/09 v1.2x Standard LaTeX document class
(/usr/local/lib/texmf/tex/latex2e/base/size11.clo
File: size11.clo 1994/12/09 v1.2x Standard LaTeX file (size option)
)
\c@part=\count82
\c@section=\count83
\c@subsection=\count84
\c@subsubsection=\count85
\c@paragraph=\count86
\c@subparagraph=\count87
\c@figure=\count88
\c@table=\count89
\abovecaptionskip=\skip41
\belowcaptionskip=\skip42
LaTeX Info: Redefining \cal on input line 455.
LaTeX Info: Redefining \mit on input line 456.
\bibindent=\dimen102
) (/usr/local/lib/texmf/tex/latex2e/texinputs/html.sty
Package: html 1996/12/22 v1.1 hypertext commands for latex2html (nd, hws, rrm)
\c@lpart=\count90
\c@lchapter=\count91
\c@lsection=\count92
\c@lsubsection=\count93
\c@lsubsubsection=\count94
\c@lparagraph=\count95
\c@lsubparagraph=\count96
\c@lequation=\count97
\c@lsubsubparagraph=\count98
\ptrfile=\write3
) (/usr/local/lib/texmf/tex/latex2e/texinputs/url.sty
Package: url 1996/02/06  ver 1.1  Verb mode for urls, email addresses, and file
 names
) (/usr/local/lib/texmf/tex/latex2e/amslatex/amsmath.sty
Package: amsmath 1995/02/23 v1.2b AMS math features
\@mathmargin=\skip43
(/usr/local/lib/texmf/tex/latex2e/amslatex/amstext.sty
Package: amstext 1995/01/25 v1.2
(/usr/local/lib/texmf/tex/latex2e/amslatex/amsgen.sty
File: amsgen.sty 1995/01/31 v1.2a
\@emptytoks=\toks14
\ex@=\dimen103
)) (/usr/local/lib/texmf/tex/latex2e/amslatex/amsbsy.sty
Package: amsbsy 1995/01/20 v1.2
\pmbraise@=\dimen104
) (/usr/local/lib/texmf/tex/latex2e/amslatex/amsopn.sty
Package: amsopn 1995/02/20 v1.2a operator names
)
LaTeX Info: Redefining \frac on input line 180.
\uproot@=\count99
\leftroot@=\count100
\classnum@=\count101
\DOTSCASE@=\count102
LaTeX Info: Redefining \dots on input line 327.
LaTeX Info: Redefining \ldots on input line 410.
LaTeX Info: Redefining \cdots on input line 414.
\Mathstrutbox@=\box26
\strutbox@=\box27
\big@size=\dimen105
LaTeX Font Info:    Redeclaring font encoding OML on input line 492.
LaTeX Font Info:    Redeclaring font encoding OMS on input line 493.
\skewcharcount@=\count103
\familycount@=\count104
\pointcount@=\count105
\accentdimen@=\dimen106
\accentmu@=\count106
\minaw@=\dimen107
\c@MaxMatrixCols=\count107
\dotsspace@=\muskip10
\c@parentequation=\count108
\dspbrk@lvl=\count109
\tag@help=\toks15
\row@=\count110
\column@=\count111
\maxfields@=\count112
\andhelp@=\toks16
\eqnshift@=\dimen108
\alignsep@=\dimen109
\tagshift@=\dimen110
\tagwidth@=\dimen111
\totwidth@=\dimen112
\lineht@=\dimen113
\@envbody=\toks17
\multlinegap=\skip44
\multlinetaggap=\skip45
) (/usr/local/lib/texmf/tex/graphics/color.sty
Package: color 1994/11/22 v0.3h Standard LaTeX Color (DPC)
(/usr/local/lib/texmf/tex/graphics/color.cfg)
Package color Info: Driver file: dvips.def on input line 131.
(/usr/local/lib/texmf/tex/graphics/dvips.def
File: dvips.def 1994/12/12 v2.6 Driver-dependant file (DPC,SPQR)
) (/usr/local/lib/texmf/tex/graphics/dvipsnam.def
File: dvipsnam.def 1994/12/12 v2.6 Driver-dependant file (DPC,SPQR)
))
\sizebox=\box28
\lthtmlwrite=\write4
(images.aux)
LaTeX Font Info:    Checking defaults for OML/cmm/m/it on input line 102.
LaTeX Font Info:    ... okay on input line 102.
LaTeX Font Info:    Checking defaults for T1/cmr/m/n on input line 102.
LaTeX Font Info:    ... okay on input line 102.
LaTeX Font Info:    Checking defaults for OT1/cmr/m/n on input line 102.
LaTeX Font Info:    ... okay on input line 102.
LaTeX Font Info:    Checking defaults for OMS/cmsy/m/n on input line 102.
LaTeX Font Info:    ... okay on input line 102.
LaTeX Font Info:    Checking defaults for OMX/cmex/m/n on input line 102.
LaTeX Font Info:    ... okay on input line 102.
LaTeX Font Info:    Checking defaults for U/cmr/m/n on input line 102.
LaTeX Font Info:    ... okay on input line 102.
Missing character: There is no ( in font nullfont!
latex2htmlLength hsize=349.0pt
latex2htmlLength vsize=673.20255pt
latex2htmlLength hoffset=0.0pt
latex2htmlLength voffset=0.0pt
latex2htmlLength topmargin=0.0pt
latex2htmlLength topskip=0.00003pt
latex2htmlLength headheight=0.0pt
latex2htmlLength headsep=0.0pt
latex2htmlLength parskip=0.0pt plus 1.0pt
latex2htmlLength oddsidemargin=0.0pt
latex2htmlLength evensidemargin=0.0pt
l2hSize :tex2html_wrap_inline874:7.98248pt::7.98248pt::20.63332pt.
ht9.87755pt: dp11.57755pt [1


]
l2hSize :tex2html_wrap_inline880:8.7125pt::8.7125pt::54.58086pt.
ht10.60756pt: dp12.30756pt [2


]
l2hSize :tex2html_wrap_inline882:9.62923pt::9.62923pt::11.60138pt.
ht11.52429pt: dp13.22429pt [3


]
l2hSize :tex2html_wrap_inline894:10.58096pt::10.58096pt::20.63332pt.
ht12.47603pt: dp14.17603pt [4


]
l2hSize :tex2html_wrap_inline898:7.57185pt::7.57185pt::30.16185pt.
ht9.46692pt: dp11.16692pt [5


]
l2hSize :tex2html_wrap_inline900:7.98248pt::7.98248pt::39.31506pt.
ht9.87755pt: dp11.57755pt [6


]
l2hSize :tex2html_wrap_inline902:10.58096pt::10.58096pt::116.451pt.
ht12.47603pt: dp14.17603pt [7


]
l2hSize :tex2html_wrap_inline904:10.58096pt::10.58096pt::74.5483pt.
ht12.47603pt: dp14.17603pt [8


]
l2hSize :tex2html_wrap_inline906:8.19589pt::8.19589pt::39.31506pt.
ht10.09096pt: dp11.79095pt [9


]
l2hSize :tex2html_wrap_inline910:10.58096pt::10.58096pt::74.5483pt.
ht12.47603pt: dp14.17603pt [10


]
l2hSize :tex2html_wrap_inline912:8.10416pt::8.10416pt::26.84644pt.
ht9.99922pt: dp11.69922pt [11


]
l2hSize :tex2html_wrap_inline914:8.10416pt::8.10416pt::28.41669pt.
ht9.99922pt: dp11.69922pt [12


]
l2hSize :tex2html_wrap_inline920:8.10416pt::8.10416pt::28.41669pt.
ht9.99922pt: dp11.69922pt [13


]
l2hSize :tex2html_wrap_inline926:8.7125pt::8.7125pt::101.73346pt.
ht10.60756pt: dp12.30756pt [14


]
l2hSize :tex2html_wrap_inline928:8.19589pt::8.19589pt::43.64838pt.
ht10.09096pt: dp11.79095pt [15


]
l2hSize :tex2html_wrap_inline930:7.69589pt::0.0pt::11.79532pt.
ht9.59096pt: dp2.5pt [16


]
l2hSize :tex2html_wrap_inline932:7.98248pt::7.98248pt::12.59265pt.
ht9.87755pt: dp11.57755pt [17


]
l2hSize :tex2html_wrap_inline938:7.48248pt::0.0pt::8.5167pt.
ht9.37755pt: dp2.5pt [18


]
l2hSize :tex2html_wrap_inline179:7.07185pt::0.0pt::5.475pt.
ht8.96692pt: dp2.5pt [19


]
l2hSize :tex2html_wrap_inline948:8.10416pt::8.10416pt::9.84235pt.
ht9.99922pt: dp11.69922pt [20


]
l2hSize :tex2html_wrap_inline950:7.60416pt::0.0pt::7.04526pt.
ht9.49922pt: dp2.5pt [21


]
l2hSize :tex2html_wrap_inline958:7.48248pt::0.0pt::7.75627pt.
ht9.37755pt: dp2.5pt [22


]
l2hSize :tex2html_wrap_inline964:7.98248pt::7.98248pt::12.45285pt.
ht9.87755pt: dp11.57755pt [23


]
l2hSize :displaymath351:17.86258pt::0.0pt::349.0pt.
ht19.75764pt: dp1.1pt [24


]
l2hSize :displaymath362:16.3375pt::0.0pt::349.0pt.
ht18.23256pt: dp1.1pt [25


]
l2hSize :tex2html_wrap_inline976:7.48248pt::0.0pt::7.90834pt.
ht9.37755pt: dp2.5pt [26


]
l2hSize :displaymath379:47.43584pt::0.0pt::349.0pt.
ht49.3309pt: dp1.1pt [27


]
l2hSize :tex2html_wrap_inline982:7.98248pt::7.98248pt::13.04729pt.
ht9.87755pt: dp11.57755pt [28


]
l2hSize :tex2html_wrap_inline996:8.10416pt::8.10416pt::8.5167pt.
ht9.99922pt: dp11.69922pt [29


]
l2hSize :tex2html_wrap_inline1206:7.48248pt::0.0pt::7.60417pt.
ht9.37755pt: dp2.5pt [30


]
l2hSize :tex2html_wrap_inline1228:8.01291pt::8.01291pt::27.0106pt.
ht9.90797pt: dp11.60797pt [31


]
l2hSize :tex2html_wrap_inline1230:8.7125pt::8.7125pt::65.61002pt.
ht10.60756pt: dp12.30756pt [32


]
l2hSize :tex2html_wrap_inline1232:7.98248pt::7.98248pt::36.71782pt.
ht9.87755pt: dp11.57755pt [33


]
l2hSize :tex2html_wrap_inline1236:7.98248pt::7.98248pt::36.71782pt.
ht9.87755pt: dp11.57755pt [34


]
l2hSize :tex2html_wrap_inline1238:7.98248pt::7.98248pt::36.71782pt.
ht9.87755pt: dp11.57755pt [35


]
l2hSize :tex2html_wrap_inline1252:8.7125pt::8.7125pt::53.8719pt.
ht10.60756pt: dp12.30756pt [36


]
l2hSize :tex2html_wrap_inline1254:8.7125pt::8.7125pt::98.14667pt.
ht10.60756pt: dp12.30756pt [37


]
l2hSize :tex2html_wrap_inline1256:8.7125pt::8.7125pt::98.14667pt.
ht10.60756pt: dp12.30756pt [38


]
l2hSize :tex2html_wrap_inline1260:8.7125pt::8.7125pt::70.02428pt.
ht10.60756pt: dp12.30756pt [39


]
l2hSize :tex2html_wrap_inline1266:8.7125pt::8.7125pt::47.62439pt.
ht10.60756pt: dp12.30756pt [40


]
l2hSize :tex2html_wrap_inline1268:8.99033pt::8.99033pt::58.62592pt.
ht10.88539pt: dp12.58539pt [41


]
l2hSize :tex2html_wrap_inline1270:8.99033pt::8.99033pt::73.71585pt.
ht10.88539pt: dp12.58539pt [42


]
l2hSize :tex2html_wrap_inline1272:8.01291pt::8.01291pt::32.85243pt.
ht9.90797pt: dp11.60797pt [43


]
l2hSize :tex2html_wrap_inline1288:8.7125pt::8.7125pt::43.2258pt.
ht10.60756pt: dp12.30756pt [44


]
l2hSize :tex2html_wrap_inline1292:8.7125pt::8.7125pt::53.11272pt.
ht10.60756pt: dp12.30756pt [45


]
l2hSize :tex2html_wrap_inline1318:7.60416pt::0.0pt::6.646pt.
ht9.49922pt: dp2.5pt [46


]
l2hSize :tex2html_wrap_inline1320:8.7125pt::8.7125pt::85.26521pt.
ht10.60756pt: dp12.30756pt [47


]
l2hSize :tex2html_wrap_inline1334:10.03749pt::10.03749pt::86.12958pt.
ht11.93256pt: dp13.63255pt [48


]
l2hSize :tex2html_wrap_inline1340:7.57185pt::7.57185pt::9.65218pt.
ht9.46692pt: dp11.16692pt [49


]
l2hSize :tex2html_wrap_inline1342:7.57185pt::7.57185pt::9.65218pt.
ht9.46692pt: dp11.16692pt [50


]
l2hSize :tex2html_wrap_inline1354:8.7125pt::8.7125pt::71.78564pt.
ht10.60756pt: dp12.30756pt [51


]
l2hSize :tex2html_wrap_inline1362:7.07185pt::0.0pt::35.63686pt.
ht8.96692pt: dp2.5pt [52


]
l2hSize :tex2html_wrap_inline1364:7.07185pt::0.0pt::30.16185pt.
ht8.96692pt: dp2.5pt [53


]
l2hSize :tex2html_wrap_inline1374:10.58096pt::10.58096pt::74.5483pt.
ht12.47603pt: dp14.17603pt [54


] (images.aux) ) 
Here is how much of TeX's memory you used:
 1343 strings out of 10953
 15150 string characters out of 72770
 63107 words of memory out of 262141
 4187 multiletter control sequences out of 9500
 7982 words of font info for 29 fonts, out of 100000 for 255
 14 hyphenation exceptions out of 607
 28i,16n,21p,210b,220s stack positions out of 300i,40n,60p,3000b,4000s

Output written on images.dvi (54 pages, 13028 bytes).
