This is pdfTeX, Version 3.1415926-2.5-1.40.14 (TeX Live 2013/Debian) (format=pdflatex 2014.4.23)  6 JUL 2014 09:42
entering extended mode
 restricted \write18 enabled.
 %&-line parsing enabled.
**section1.tex
(./section1.tex
LaTeX2e <2011/06/27>
Babel <3.9h> and hyphenation patterns for 4 languages loaded.
(/usr/share/texlive/texmf-dist/tex/latex/base/article.cls
Document Class: article 2007/10/19 v1.4h Standard LaTeX document class
(/usr/share/texlive/texmf-dist/tex/latex/base/size12.clo
File: size12.clo 2007/10/19 v1.4h Standard LaTeX file (size option)
)
\c@part=\count79
\c@section=\count80
\c@subsection=\count81
\c@subsubsection=\count82
\c@paragraph=\count83
\c@subparagraph=\count84
\c@figure=\count85
\c@table=\count86
\abovecaptionskip=\skip41
\belowcaptionskip=\skip42
\bibindent=\dimen102
)
(/usr/share/texlive/texmf-dist/tex/latex/graphics/graphicx.sty
Package: graphicx 1999/02/16 v1.0f Enhanced LaTeX Graphics (DPC,SPQR)

(/usr/share/texlive/texmf-dist/tex/latex/graphics/keyval.sty
Package: keyval 1999/03/16 v1.13 key=value parser (DPC)
\KV@toks@=\toks14
)
(/usr/share/texlive/texmf-dist/tex/latex/graphics/graphics.sty
Package: graphics 2009/02/05 v1.0o Standard LaTeX Graphics (DPC,SPQR)

(/usr/share/texlive/texmf-dist/tex/latex/graphics/trig.sty
Package: trig 1999/03/16 v1.09 sin cos tan (DPC)
)
(/usr/share/texlive/texmf-dist/tex/latex/latexconfig/graphics.cfg
File: graphics.cfg 2010/04/23 v1.9 graphics configuration of TeX Live
)
Package graphics Info: Driver file: pdftex.def on input line 91.

(/usr/share/texlive/texmf-dist/tex/latex/pdftex-def/pdftex.def
File: pdftex.def 2011/05/27 v0.06d Graphics/color for pdfTeX

(/usr/share/texlive/texmf-dist/tex/generic/oberdiek/infwarerr.sty
Package: infwarerr 2010/04/08 v1.3 Providing info/warning/error messages (HO)
)
(/usr/share/texlive/texmf-dist/tex/generic/oberdiek/ltxcmds.sty
Package: ltxcmds 2011/11/09 v1.22 LaTeX kernel commands for general use (HO)
)
\Gread@gobject=\count87
))
\Gin@req@height=\dimen103
\Gin@req@width=\dimen104
)
(/usr/share/texlive/texmf-dist/tex/latex/geometry/geometry.sty
Package: geometry 2010/09/12 v5.6 Page Geometry

(/usr/share/texlive/texmf-dist/tex/generic/oberdiek/ifpdf.sty
Package: ifpdf 2011/01/30 v2.3 Provides the ifpdf switch (HO)
Package ifpdf Info: pdfTeX in PDF mode is detected.
)
(/usr/share/texlive/texmf-dist/tex/generic/oberdiek/ifvtex.sty
Package: ifvtex 2010/03/01 v1.5 Detect VTeX and its facilities (HO)
Package ifvtex Info: VTeX not detected.
)
(/usr/share/texlive/texmf-dist/tex/generic/ifxetex/ifxetex.sty
Package: ifxetex 2010/09/12 v0.6 Provides ifxetex conditional
)
\Gm@cnth=\count88
\Gm@cntv=\count89
\c@Gm@tempcnt=\count90
\Gm@bindingoffset=\dimen105
\Gm@wd@mp=\dimen106
\Gm@odd@mp=\dimen107
\Gm@even@mp=\dimen108
\Gm@layoutwidth=\dimen109
\Gm@layoutheight=\dimen110
\Gm@layouthoffset=\dimen111
\Gm@layoutvoffset=\dimen112
\Gm@dimlist=\toks15
)
(/usr/share/texlive/texmf-dist/tex/latex/rotating/rotating.sty
Package: rotating 2009/03/28 v2.16a rotated objects in LaTeX

(/usr/share/texlive/texmf-dist/tex/latex/base/ifthen.sty
Package: ifthen 2001/05/26 v1.1c Standard LaTeX ifthen package (DPC)
)
\c@r@tfl@t=\count91
\rotFPtop=\skip43
\rotFPbot=\skip44
\rot@float@box=\box26
\rot@mess@toks=\toks16
)
(/usr/share/texlive/texmf-dist/tex/latex/vmargin/vmargin.sty
Package: vmargin 2004/07/15 V2.5 set document margins (VK)

Package: vmargin 2004/07/15 V2.5 set document margins (VK)
\PaperWidth=\dimen113
\PaperHeight=\dimen114
) (/usr/share/texlive/texmf-dist/tex/latex/setspace/setspace.sty
Package: setspace 2011/12/19 v6.7a set line spacing
)
(/usr/share/texlive/texmf-dist/tex/latex/hyperref/hyperref.sty
Package: hyperref 2012/11/06 v6.83m Hypertext links for LaTeX

(/usr/share/texlive/texmf-dist/tex/generic/oberdiek/hobsub-hyperref.sty
Package: hobsub-hyperref 2012/05/28 v1.13 Bundle oberdiek, subset hyperref (HO)


(/usr/share/texlive/texmf-dist/tex/generic/oberdiek/hobsub-generic.sty
Package: hobsub-generic 2012/05/28 v1.13 Bundle oberdiek, subset generic (HO)
Package: hobsub 2012/05/28 v1.13 Construct package bundles (HO)
Package hobsub Info: Skipping package `infwarerr' (already loaded).
Package hobsub Info: Skipping package `ltxcmds' (already loaded).
Package: ifluatex 2010/03/01 v1.3 Provides the ifluatex switch (HO)
Package ifluatex Info: LuaTeX not detected.
Package hobsub Info: Skipping package `ifvtex' (already loaded).
Package: intcalc 2007/09/27 v1.1 Expandable calculations with integers (HO)
Package hobsub Info: Skipping package `ifpdf' (already loaded).
Package: etexcmds 2011/02/16 v1.5 Avoid name clashes with e-TeX commands (HO)
Package etexcmds Info: Could not find \expanded.
(etexcmds)             That can mean that you are not using pdfTeX 1.50 or
(etexcmds)             that some package has redefined \expanded.
(etexcmds)             In the latter case, load this package earlier.
Package: kvsetkeys 2012/04/25 v1.16 Key value parser (HO)
Package: kvdefinekeys 2011/04/07 v1.3 Define keys (HO)
Package: pdftexcmds 2011/11/29 v0.20 Utility functions of pdfTeX for LuaTeX (HO
)
Package pdftexcmds Info: LuaTeX not detected.
Package pdftexcmds Info: \pdf@primitive is available.
Package pdftexcmds Info: \pdf@ifprimitive is available.
Package pdftexcmds Info: \pdfdraftmode found.
Package: pdfescape 2011/11/25 v1.13 Implements pdfTeX's escape features (HO)
Package: bigintcalc 2012/04/08 v1.3 Expandable calculations on big integers (HO
)
Package: bitset 2011/01/30 v1.1 Handle bit-vector datatype (HO)
Package: uniquecounter 2011/01/30 v1.2 Provide unlimited unique counter (HO)
)
Package hobsub Info: Skipping package `hobsub' (already loaded).
Package: letltxmacro 2010/09/02 v1.4 Let assignment for LaTeX macros (HO)
Package: hopatch 2012/05/28 v1.2 Wrapper for package hooks (HO)
Package: xcolor-patch 2011/01/30 xcolor patch
Package: atveryend 2011/06/30 v1.8 Hooks at the very end of document (HO)
Package atveryend Info: \enddocument detected (standard20110627).
Package: atbegshi 2011/10/05 v1.16 At begin shipout hook (HO)
Package: refcount 2011/10/16 v3.4 Data extraction from label references (HO)
Package: hycolor 2011/01/30 v1.7 Color options for hyperref/bookmark (HO)
)
(/usr/share/texlive/texmf-dist/tex/latex/oberdiek/auxhook.sty
Package: auxhook 2011/03/04 v1.3 Hooks for auxiliary files (HO)
)
(/usr/share/texlive/texmf-dist/tex/latex/oberdiek/kvoptions.sty
Package: kvoptions 2011/06/30 v3.11 Key value format for package options (HO)
)
\@linkdim=\dimen115
\Hy@linkcounter=\count92
\Hy@pagecounter=\count93

(/usr/share/texlive/texmf-dist/tex/latex/hyperref/pd1enc.def
File: pd1enc.def 2012/11/06 v6.83m Hyperref: PDFDocEncoding definition (HO)
)
\Hy@SavedSpaceFactor=\count94

(/usr/share/texlive/texmf-dist/tex/latex/latexconfig/hyperref.cfg
File: hyperref.cfg 2002/06/06 v1.2 hyperref configuration of TeXLive
)
Package hyperref Info: Hyper figures OFF on input line 4443.
Package hyperref Info: Link nesting OFF on input line 4448.
Package hyperref Info: Hyper index ON on input line 4451.
Package hyperref Info: Plain pages OFF on input line 4458.
Package hyperref Info: Backreferencing OFF on input line 4463.
Package hyperref Info: Implicit mode ON; LaTeX internals redefined.
Package hyperref Info: Bookmarks ON on input line 4688.
\c@Hy@tempcnt=\count95

(/usr/share/texlive/texmf-dist/tex/latex/url/url.sty
\Urlmuskip=\muskip10
Package: url 2013/09/16  ver 3.4  Verb mode for urls, etc.
)
LaTeX Info: Redefining \url on input line 5041.
\XeTeXLinkMargin=\dimen116
\Fld@menulength=\count96
\Field@Width=\dimen117
\Fld@charsize=\dimen118
Package hyperref Info: Hyper figures OFF on input line 6295.
Package hyperref Info: Link nesting OFF on input line 6300.
Package hyperref Info: Hyper index ON on input line 6303.
Package hyperref Info: backreferencing OFF on input line 6310.
Package hyperref Info: Link coloring OFF on input line 6315.
Package hyperref Info: Link coloring with OCG OFF on input line 6320.
Package hyperref Info: PDF/A mode OFF on input line 6325.
LaTeX Info: Redefining \ref on input line 6365.
LaTeX Info: Redefining \pageref on input line 6369.
\Hy@abspage=\count97
\c@Item=\count98
\c@Hfootnote=\count99
)

Package hyperref Message: Driver (autodetected): hpdftex.

(/usr/share/texlive/texmf-dist/tex/latex/hyperref/hpdftex.def
File: hpdftex.def 2012/11/06 v6.83m Hyperref driver for pdfTeX
\Fld@listcount=\count100
\c@bookmark@seq@number=\count101

(/usr/share/texlive/texmf-dist/tex/latex/oberdiek/rerunfilecheck.sty
Package: rerunfilecheck 2011/04/15 v1.7 Rerun checks for auxiliary files (HO)
Package uniquecounter Info: New unique counter `rerunfilecheck' on input line 2
82.
)
\Hy@SectionHShift=\skip45
)
(/usr/share/texlive/texmf-dist/tex/latex/supertabular/supertabular.sty
Package: supertabular 2004/02/20 v4.1e the supertabular environment
\c@tracingst=\count102
\ST@wd=\dimen119
\ST@rightskip=\skip46
\ST@leftskip=\skip47
\ST@parfillskip=\skip48
\ST@pageleft=\dimen120
\ST@headht=\dimen121
\ST@tailht=\dimen122
\ST@pagesofar=\dimen123
\ST@pboxht=\dimen124
\ST@lineht=\dimen125
\ST@stretchht=\dimen126
\ST@prevht=\dimen127
\ST@toadd=\dimen128
\ST@dimen=\dimen129
\ST@pbox=\box27
)
(/usr/share/texmf/tex/latex/xcolor/xcolor.sty
Package: xcolor 2007/01/21 v2.11 LaTeX color extensions (UK)

(/usr/share/texlive/texmf-dist/tex/latex/latexconfig/color.cfg
File: color.cfg 2007/01/18 v1.5 color configuration of teTeX/TeXLive
)
Package xcolor Info: Driver file: pdftex.def on input line 225.

(/usr/share/texlive/texmf-dist/tex/latex/colortbl/colortbl.sty
Package: colortbl 2012/02/13 v1.0a Color table columns (DPC)

(/usr/share/texlive/texmf-dist/tex/latex/tools/array.sty
Package: array 2008/09/09 v2.4c Tabular extension package (FMi)
\col@sep=\dimen130
\extrarowheight=\dimen131
\NC@list=\toks17
\extratabsurround=\skip49
\backup@length=\skip50
)
\everycr=\toks18
\minrowclearance=\skip51
)
\rownum=\count103
Package xcolor Info: Model `cmy' substituted by `cmy0' on input line 1337.
Package xcolor Info: Model `hsb' substituted by `rgb' on input line 1341.
Package xcolor Info: Model `RGB' extended on input line 1353.
Package xcolor Info: Model `HTML' substituted by `rgb' on input line 1355.
Package xcolor Info: Model `Hsb' substituted by `hsb' on input line 1356.
Package xcolor Info: Model `tHsb' substituted by `hsb' on input line 1357.
Package xcolor Info: Model `HSB' substituted by `hsb' on input line 1358.
Package xcolor Info: Model `Gray' substituted by `gray' on input line 1359.
Package xcolor Info: Model `wave' substituted by `hsb' on input line 1360.
)
(/usr/share/texlive/texmf-dist/tex/latex/amsmath/amsmath.sty
Package: amsmath 2013/01/14 v2.14 AMS math features
\@mathmargin=\skip52

For additional information on amsmath, use the `?' option.
(/usr/share/texlive/texmf-dist/tex/latex/amsmath/amstext.sty
Package: amstext 2000/06/29 v2.01

(/usr/share/texlive/texmf-dist/tex/latex/amsmath/amsgen.sty
File: amsgen.sty 1999/11/30 v2.0
\@emptytoks=\toks19
\ex@=\dimen132
))
(/usr/share/texlive/texmf-dist/tex/latex/amsmath/amsbsy.sty
Package: amsbsy 1999/11/29 v1.2d
\pmbraise@=\dimen133
)
(/usr/share/texlive/texmf-dist/tex/latex/amsmath/amsopn.sty
Package: amsopn 1999/12/14 v2.01 operator names
)
\inf@bad=\count104
LaTeX Info: Redefining \frac on input line 210.
\uproot@=\count105
\leftroot@=\count106
LaTeX Info: Redefining \overline on input line 306.
\classnum@=\count107
\DOTSCASE@=\count108
LaTeX Info: Redefining \ldots on input line 378.
LaTeX Info: Redefining \dots on input line 381.
LaTeX Info: Redefining \cdots on input line 466.
\Mathstrutbox@=\box28
\strutbox@=\box29
\big@size=\dimen134
LaTeX Font Info:    Redeclaring font encoding OML on input line 566.
LaTeX Font Info:    Redeclaring font encoding OMS on input line 567.
\macc@depth=\count109
\c@MaxMatrixCols=\count110
\dotsspace@=\muskip11
\c@parentequation=\count111
\dspbrk@lvl=\count112
\tag@help=\toks20
\row@=\count113
\column@=\count114
\maxfields@=\count115
\andhelp@=\toks21
\eqnshift@=\dimen135
\alignsep@=\dimen136
\tagshift@=\dimen137
\tagwidth@=\dimen138
\totwidth@=\dimen139
\lineht@=\dimen140
\@envbody=\toks22
\multlinegap=\skip53
\multlinetaggap=\skip54
\mathdisplay@stack=\toks23
LaTeX Info: Redefining \[ on input line 2665.
LaTeX Info: Redefining \] on input line 2666.
)
(/usr/share/texlive/texmf-dist/tex/latex/amsfonts/amsfonts.sty
Package: amsfonts 2013/01/14 v3.01 Basic AMSFonts support
\symAMSa=\mathgroup4
\symAMSb=\mathgroup5
LaTeX Font Info:    Overwriting math alphabet `\mathfrak' in version `bold'
(Font)                  U/euf/m/n --> U/euf/b/n on input line 106.
) (./section1.aux)
\openout1 = `section1.aux'.

LaTeX Font Info:    Checking defaults for OML/cmm/m/it on input line 27.
LaTeX Font Info:    ... okay on input line 27.
LaTeX Font Info:    Checking defaults for T1/cmr/m/n on input line 27.
LaTeX Font Info:    ... okay on input line 27.
LaTeX Font Info:    Checking defaults for OT1/cmr/m/n on input line 27.
LaTeX Font Info:    ... okay on input line 27.
LaTeX Font Info:    Checking defaults for OMS/cmsy/m/n on input line 27.
LaTeX Font Info:    ... okay on input line 27.
LaTeX Font Info:    Checking defaults for OMX/cmex/m/n on input line 27.
LaTeX Font Info:    ... okay on input line 27.
LaTeX Font Info:    Checking defaults for U/cmr/m/n on input line 27.
LaTeX Font Info:    ... okay on input line 27.
LaTeX Font Info:    Checking defaults for PD1/pdf/m/n on input line 27.
LaTeX Font Info:    ... okay on input line 27.
 (/usr/share/texlive/texmf-dist/tex/context/base/supp-pdf.mkii
[Loading MPS to PDF converter (version 2006.09.02).]
\scratchcounter=\count116
\scratchdimen=\dimen141
\scratchbox=\box30
\nofMPsegments=\count117
\nofMParguments=\count118
\everyMPshowfont=\toks24
\MPscratchCnt=\count119
\MPscratchDim=\dimen142
\MPnumerator=\count120
\makeMPintoPDFobject=\count121
\everyMPtoPDFconversion=\toks25
) (/usr/share/texlive/texmf-dist/tex/latex/oberdiek/epstopdf-base.sty
Package: epstopdf-base 2010/02/09 v2.5 Base part for package epstopdf

(/usr/share/texlive/texmf-dist/tex/latex/oberdiek/grfext.sty
Package: grfext 2010/08/19 v1.1 Manage graphics extensions (HO)
)
Package grfext Info: Graphics extension search list:
(grfext)             [.png,.pdf,.jpg,.mps,.jpeg,.jbig2,.jb2,.PNG,.PDF,.JPG,.JPE
G,.JBIG2,.JB2,.eps]
(grfext)             \AppendGraphicsExtensions on input line 452.

(/usr/share/texlive/texmf-dist/tex/latex/latexconfig/epstopdf-sys.cfg
File: epstopdf-sys.cfg 2010/07/13 v1.3 Configuration of (r)epstopdf for TeX Liv
e
))
*geometry* detected driver: dvips
*geometry* verbose mode - [ preamble ] result:
* driver: dvips
* paper: letterpaper
* layout: <same size as paper>
* layoutoffset:(h,v)=(0.0pt,0.0pt)
* modes: 
* h-part:(L,W,R)=(72.26999pt, 469.75499pt, 72.27002pt)
* v-part:(T,H,B)=(72.26999pt, 650.43pt, 72.27pt)
* \paperwidth=614.295pt
* \paperheight=794.96999pt
* \textwidth=469.75502pt
* \textheight=632.36252pt
* \oddsidemargin=72.26999pt
* \evensidemargin=72.26999pt
* \topmargin=72.26999pt
* \headheight=0.0pt
* \headsep=0.0pt
* \topskip=12.0pt
* \footskip=18.06749pt
* \marginparwidth=44.0pt
* \marginparsep=10.0pt
* \columnsep=10.0pt
* \skip\footins=10.8pt plus 4.0pt minus 2.0pt
* \hoffset=-72.26999pt
* \voffset=-72.26999pt
* \mag=1000
* \@twocolumnfalse
* \@twosidefalse
* \@mparswitchfalse
* \@reversemarginfalse
* (1in=72.27pt=25.4mm, 1cm=28.453pt)

\AtBeginShipoutBox=\box31
Package hyperref Info: Link coloring OFF on input line 27.
(/usr/share/texlive/texmf-dist/tex/latex/hyperref/nameref.sty
Package: nameref 2012/10/27 v2.43 Cross-referencing by name of section

(/usr/share/texlive/texmf-dist/tex/generic/oberdiek/gettitlestring.sty
Package: gettitlestring 2010/12/03 v1.4 Cleanup title references (HO)
)
\c@section@level=\count122
)
LaTeX Info: Redefining \ref on input line 27.
LaTeX Info: Redefining \pageref on input line 27.
LaTeX Info: Redefining \nameref on input line 27.

(./section1.out) (./section1.out)
\@outlinefile=\write3
\openout3 = `section1.out'.

LaTeX Font Info:    Try loading font information for U+msa on input line 30.

(/usr/share/texlive/texmf-dist/tex/latex/amsfonts/umsa.fd
File: umsa.fd 2013/01/14 v3.01 AMS symbols A
)
LaTeX Font Info:    Try loading font information for U+msb on input line 30.

(/usr/share/texlive/texmf-dist/tex/latex/amsfonts/umsb.fd
File: umsb.fd 2013/01/14 v3.01 AMS symbols B
) [1
Non-PDF special ignored!

{/var/lib/texmf/fonts/map/pdftex/updmap/pdftex.map}]

Package hyperref Warning: Token not allowed in a PDF string (PDFDocEncoding):
(hyperref)                removing `math shift' on input line 66.


Package hyperref Warning: Token not allowed in a PDF string (PDFDocEncoding):
(hyperref)                removing `math shift' on input line 66.


Package hyperref Warning: Token not allowed in a PDF string (PDFDocEncoding):
(hyperref)                removing `math shift' on input line 84.


Package hyperref Warning: Token not allowed in a PDF string (PDFDocEncoding):
(hyperref)                removing `superscript' on input line 84.


Package hyperref Warning: Token not allowed in a PDF string (PDFDocEncoding):
(hyperref)                removing `math shift' on input line 84.

[2] <proj.png, id=72, 660.4675pt x 441.65pt>
File: proj.png Graphic file (type png)
 <use proj.png>
Package pdftex.def Info: proj.png used on input line 126.
(pdftex.def)             Requested size: 198.14177pt x 132.49602pt.
 [3]

Package hyperref Warning: Token not allowed in a PDF string (PDFDocEncoding):
(hyperref)                removing `math shift' on input line 170.


Package hyperref Warning: Token not allowed in a PDF string (PDFDocEncoding):
(hyperref)                removing `math shift' on input line 170.


Overfull \hbox (33.4861pt too wide) detected at line 173
[] \OT1/cmr/m/n/12 = (\OML/cmm/m/it/12 X[]X\OT1/cmr/m/n/12 )[]\OML/cmm/m/it/12 
X[]Y \OT1/cmr/m/n/12 = (\OML/cmm/m/it/12 X[]X\OT1/cmr/m/n/12 )[]\OML/cmm/m/it/1
2 X[]\OT1/cmr/m/n/12 (\OML/cmm/m/it/12 X^^L \OT1/cmr/m/n/12 + \OML/cmm/m/it/12 
^^O\OT1/cmr/m/n/12 ) = (\OML/cmm/m/it/12 X[]X\OT1/cmr/m/n/12 )[]\OML/cmm/m/it/1
2 X[]X^^L \OT1/cmr/m/n/12 + (\OML/cmm/m/it/12 X[]X\OT1/cmr/m/n/12 )[]\OML/cmm/m
/it/12 X[]^^O \OT1/cmr/m/n/12 = \OML/cmm/m/it/12 ^^L \OT1/cmr/m/n/12 + (\OML/cm
m/m/it/12 X[]X\OT1/cmr/m/n/12 )[]\OML/cmm/m/it/12 X[]^^O
 []

[4 <./proj.png>]

Package hyperref Warning: Token not allowed in a PDF string (PDFDocEncoding):
(hyperref)                removing `math shift' on input line 188.


Package hyperref Warning: Token not allowed in a PDF string (PDFDocEncoding):
(hyperref)                removing `superscript' on input line 188.


Package hyperref Warning: Token not allowed in a PDF string (PDFDocEncoding):
(hyperref)                removing `math shift' on input line 188.

[5] [6]
LaTeX Font Info:    Try loading font information for OMS+cmr on input line 264.

 (/usr/share/texlive/texmf-dist/tex/latex/base/omscmr.fd
File: omscmr.fd 1999/05/25 v2.5h Standard LaTeX font definitions
)
LaTeX Font Info:    Font shape `OMS/cmr/m/n' in size <12> not available
(Font)              Font shape `OMS/cmsy/m/n' tried instead on input line 264.
 [7]
Package atveryend Info: Empty hook `BeforeClearDocument' on input line 295.
 [8]
Package atveryend Info: Empty hook `AfterLastShipout' on input line 295.

(./section1.aux)
Package atveryend Info: Executing hook `AtVeryEndDocument' on input line 295.
Package atveryend Info: Executing hook `AtEndAfterFileList' on input line 295.
Package rerunfilecheck Info: File `section1.out' has not changed.
(rerunfilecheck)             Checksum: 73BE321347A32CFCCAD5E7216455DDAE;757.
Package atveryend Info: Empty hook `AtVeryVeryEnd' on input line 295.
 ) 
Here is how much of TeX's memory you used:
 7071 strings out of 494985
 100814 string characters out of 6180356
 202038 words of memory out of 5000000
 10168 multiletter control sequences out of 15000+600000
 13989 words of font info for 53 fonts, out of 8000000 for 9000
 36 hyphenation exceptions out of 8191
 41i,11n,35p,484b,439s stack positions out of 5000i,500n,10000p,200000b,80000s
</usr/share/texlive/texmf-dist/fonts/type1/public/amsfonts/cm/cmbx12.pfb></us
r/share/texlive/texmf-dist/fonts/type1/public/amsfonts/cm/cmex10.pfb></usr/shar
e/texlive/texmf-dist/fonts/type1/public/amsfonts/cm/cmmi12.pfb></usr/share/texl
ive/texmf-dist/fonts/type1/public/amsfonts/cm/cmmi8.pfb></usr/share/texlive/tex
mf-dist/fonts/type1/public/amsfonts/cm/cmr10.pfb></usr/share/texlive/texmf-dist
/fonts/type1/public/amsfonts/cm/cmr12.pfb></usr/share/texlive/texmf-dist/fonts/
type1/public/amsfonts/cm/cmr17.pfb></usr/share/texlive/texmf-dist/fonts/type1/p
ublic/amsfonts/cm/cmr8.pfb></usr/share/texlive/texmf-dist/fonts/type1/public/am
sfonts/cm/cmsy10.pfb></usr/share/texlive/texmf-dist/fonts/type1/public/amsfonts
/cm/cmsy8.pfb></usr/share/texlive/texmf-dist/fonts/type1/public/amsfonts/cm/cmt
i12.pfb></usr/share/texlive/texmf-dist/fonts/type1/public/amsfonts/symbols/msbm
10.pfb>
Output written on section1.pdf (8 pages, 180121 bytes).
PDF statistics:
 151 PDF objects out of 1000 (max. 8388607)
 125 compressed objects within 2 object streams
 24 named destinations out of 1000 (max. 500000)
 102 words of extra memory for PDF output out of 10000 (max. 10000000)

